6/8/2021 3:01:33 AM	This log contains information about the import schema operation into project 'TAP' on computer 'DESKTOP-4IVR0PU' by user 'sns_4'.
6/8/2021 3:01:33 AM	Import of database schema has started.
6/8/2021 3:01:38 AM	Gathering database credentials
6/8/2021 3:01:38 AM	Gathering database options
6/8/2021 3:01:38 AM	Gathering generic database scoped configuration option
6/8/2021 3:01:38 AM	Gathering users
6/8/2021 3:01:38 AM	Gathering roles
6/8/2021 3:01:38 AM	Gathering application roles
6/8/2021 3:01:38 AM	Gathering role memberships
6/8/2021 3:01:38 AM	Gathering filegroups
6/8/2021 3:01:38 AM	Gathering full-text catalogs
6/8/2021 3:01:38 AM	Gathering assemblies
6/8/2021 3:01:38 AM	Gathering certificates
6/8/2021 3:01:38 AM	Gathering asymmetric keys
6/8/2021 3:01:38 AM	Gathering symmetric keys
6/8/2021 3:01:38 AM	Gathering encrypted symmetric keys
6/8/2021 3:01:38 AM	Gathering schemas
6/8/2021 3:01:38 AM	Gathering XML schema collections
6/8/2021 3:01:38 AM	Gathering user-defined data types
6/8/2021 3:01:38 AM	Gathering user-defined types
6/8/2021 3:01:38 AM	Gathering table types
6/8/2021 3:01:38 AM	Gathering unique keys for table types
6/8/2021 3:01:38 AM	Gathering primary keys for table types
6/8/2021 3:01:38 AM	Gathering indexes for table types
6/8/2021 3:01:38 AM	Gathering check constraints for table types
6/8/2021 3:01:38 AM	Gathering default constraints for table types
6/8/2021 3:01:38 AM	Gathering partition functions
6/8/2021 3:01:38 AM	Gathering partition schemes
6/8/2021 3:01:38 AM	Gathering functions
6/8/2021 3:01:38 AM	Gathering encrypted functions
6/8/2021 3:01:38 AM	Gathering aggregates
6/8/2021 3:01:38 AM	Gathering procedures
6/8/2021 3:01:38 AM	Gathering encrypted procedures
6/8/2021 3:01:38 AM	Gathering tables
6/8/2021 3:01:38 AM	Gathering primary keys
6/8/2021 3:01:38 AM	Gathering unique constraints
6/8/2021 3:01:38 AM	Gathering foreign keys
6/8/2021 3:01:38 AM	Gathering default constraints
6/8/2021 3:01:38 AM	Gathering check constraints
6/8/2021 3:01:38 AM	Gathering views
6/8/2021 3:01:38 AM	Gathering encrypted views
6/8/2021 3:01:38 AM	Gathering indexes
6/8/2021 3:01:38 AM	Gathering statistics
6/8/2021 3:01:38 AM	Gathering full-text index stoplists
6/8/2021 3:01:38 AM	Gathering search property lists
6/8/2021 3:01:38 AM	Gathering search properties
6/8/2021 3:01:38 AM	Gathering full-text indexes
6/8/2021 3:01:38 AM	Gathering column store indexes
6/8/2021 3:01:38 AM	Gathering spatial indexes
6/8/2021 3:01:38 AM	Gathering XML indexes
6/8/2021 3:01:38 AM	Gathering Selective XML indexes
6/8/2021 3:01:38 AM	Gathering encrypted triggers
6/8/2021 3:01:38 AM	Gathering triggers
6/8/2021 3:01:38 AM	Gathering encrypted and clr ddl triggers
6/8/2021 3:01:38 AM	Gathering ddl triggers
6/8/2021 3:01:38 AM	Creating edge constraints
6/8/2021 3:01:38 AM	Gathering synonyms
6/8/2021 3:01:38 AM	Gathering defaults
6/8/2021 3:01:38 AM	Gathering data constraint uddt bindings
6/8/2021 3:01:38 AM	Gathering rules
6/8/2021 3:01:38 AM	Gathering data constraint uddt bindings
6/8/2021 3:01:38 AM	Gathering message types
6/8/2021 3:01:38 AM	Gathering queues
6/8/2021 3:01:38 AM	Gathering contracts
6/8/2021 3:01:38 AM	Gathering services
6/8/2021 3:01:38 AM	Gathering event notifications
6/8/2021 3:01:38 AM	Gathering remote service bindings
6/8/2021 3:01:38 AM	Gathering broker priorities
6/8/2021 3:01:38 AM	Gathering signatures
6/8/2021 3:01:39 AM	Gathering data compression options
6/8/2021 3:01:39 AM	Gathering sequence types
6/8/2021 3:01:39 AM	Gathering security policies
6/8/2021 3:01:39 AM	Gather column encryption keys
6/8/2021 3:01:39 AM	Gathering column master keys
6/8/2021 3:01:39 AM	Gathering external data sources
6/8/2021 3:01:39 AM	Gathering external file formats
6/8/2021 3:01:39 AM	Gathering external tables
6/8/2021 3:01:39 AM	Gathering extended properties
6/8/2021 3:01:39 AM	Gathering credentials
6/8/2021 3:01:39 AM	Gathering logins
6/8/2021 3:01:39 AM	Gathering server audits
6/8/2021 3:01:39 AM	Scanning project for duplicate elements
6/8/2021 3:01:39 AM	Finished duplicate element processing
6/8/2021 3:01:39 AM	Finished importing database.
6/8/2021 3:01:39 AM	A summary of the import was saved to the following location: C:\Users\sns_4\OneDrive\Рабочий стол\TAPProiect\database\TAPDatabase\TAP\Import Schema Logs\TAP_20210608120133.log
6/8/2021 3:01:39 AM	Click Finish to continue...
